#
# There is insufficient memory for the Java Runtime Environment to continue.
# Native memory allocation (malloc) failed to allocate 752336 bytes. Error detail: Chunk::new
# Possible reasons:
#   The system is out of physical RAM or swap space
#   This process is running with CompressedOops enabled, and the Java Heap may be blocking the growth of the native heap
# Possible solutions:
#   Reduce memory load on the system
#   Increase physical memory or swap space
#   Check if swap backing store is full
#   Decrease Java heap size (-Xmx/-Xms)
#   Decrease number of Java threads
#   Decrease Java thread stack sizes (-Xss)
#   Set larger code cache with -XX:ReservedCodeCacheSize=
#   JVM is running with Unscaled Compressed Oops mode in which the Java heap is
#     placed in the first 4GB address space. The Java Heap base address is the
#     maximum limit for the native heap growth. Please use -XX:HeapBaseMinAddress
#     to set the Java Heap base and to place the Java Heap above 4GB virtual address.
# This output file may be truncated or incomplete.
#
#  Out of Memory Error (arena.cpp:168), pid=18700, tid=8644
#
# JRE version: OpenJDK Runtime Environment Temurin-21.0.8+9 (21.0.8+9) (build 21.0.8+9-LTS)
# Java VM: OpenJDK 64-Bit Server VM Temurin-21.0.8+9 (21.0.8+9-LTS, mixed mode, sharing, tiered, compressed oops, compressed class ptrs, g1 gc, windows-amd64)
# No core dump will be written. Minidumps are not enabled by default on client versions of Windows
#

---------------  S U M M A R Y ------------

Command Line: -javaagent:C:\Program Files\JetBrains\IntelliJ IDEA 2025.2.1\lib\idea_rt.jar=58409 -Dfile.encoding=UTF-8 -Dsun.stdout.encoding=UTF-8 -Dsun.stderr.encoding=UTF-8 at.technikum.Task5.JsonParseDemo

Host: 11th Gen Intel(R) Core(TM) i5-1135G7 @ 2.40GHz, 8 cores, 7G,  Windows 11 , 64 bit Build 26100 (10.0.26100.5074)
Time: Tue Oct 14 08:43:47 2025 Mitteleuropäische Sommerzeit elapsed time: 7.863849 seconds (0d 0h 0m 7s)

---------------  T H R E A D  ---------------

Current thread (0x000002437a4e9050):  JavaThread "C2 CompilerThread0" daemon [_thread_in_native, id=8644, stack(0x000000e80dd00000,0x000000e80de00000) (1024K)]


Current CompileTask:
C2:7863 1089       4       jdk.internal.util.xml.impl.Parser::step (891 bytes)

Stack: [0x000000e80dd00000,0x000000e80de00000]
Native frames: (J=compiled Java code, j=interpreted, Vv=VM code, C=native code)
V  [jvm.dll+0x6d2449]
V  [jvm.dll+0x8ae341]
V  [jvm.dll+0x8b08be]
V  [jvm.dll+0x8b0fa3]
V  [jvm.dll+0x280c96]
V  [jvm.dll+0xc581d]
V  [jvm.dll+0xc5d53]
V  [jvm.dll+0x3b9162]
V  [jvm.dll+0x385315]
V  [jvm.dll+0x38477a]
V  [jvm.dll+0x248ed0]
V  [jvm.dll+0x2484af]
V  [jvm.dll+0x1c89ee]
V  [jvm.dll+0x257d4d]
V  [jvm.dll+0x2562ea]
V  [jvm.dll+0x3f2d16]
V  [jvm.dll+0x857e6b]
V  [jvm.dll+0x6d0b0d]
C  [ucrtbase.dll+0x37b0]
C  [KERNEL32.DLL+0x2e8d7]
C  [ntdll.dll+0x8d9c]


---------------  P R O C E S S  ---------------

Threads class SMR info:
_java_thread_list=0x000002437a733a90, length=12, elements={
0x000002435b5b28d0, 0x000002437a4cdb10, 0x000002437a4ce850, 0x000002437a4d7890,
0x000002437a4d83d0, 0x000002437a4d8f10, 0x000002437a4db490, 0x000002437a4e9050,
0x000002437a4ec660, 0x000002437a4a0de0, 0x000002437a7542d0, 0x000002437a794c10
}

Java Threads: ( => current thread )
  0x000002435b5b28d0 JavaThread "main"                              [_thread_in_vm, id=9656, stack(0x000000e80cf00000,0x000000e80d000000) (1024K)]
  0x000002437a4cdb10 JavaThread "Reference Handler"          daemon [_thread_blocked, id=25172, stack(0x000000e80d700000,0x000000e80d800000) (1024K)]
  0x000002437a4ce850 JavaThread "Finalizer"                  daemon [_thread_blocked, id=12940, stack(0x000000e80d800000,0x000000e80d900000) (1024K)]
  0x000002437a4d7890 JavaThread "Signal Dispatcher"          daemon [_thread_blocked, id=27704, stack(0x000000e80d900000,0x000000e80da00000) (1024K)]
  0x000002437a4d83d0 JavaThread "Attach Listener"            daemon [_thread_in_Java, id=26272, stack(0x000000e80da00000,0x000000e80db00000) (1024K)]
  0x000002437a4d8f10 JavaThread "Service Thread"             daemon [_thread_blocked, id=14268, stack(0x000000e80db00000,0x000000e80dc00000) (1024K)]
  0x000002437a4db490 JavaThread "Monitor Deflation Thread"   daemon [_thread_blocked, id=21344, stack(0x000000e80dc00000,0x000000e80dd00000) (1024K)]
=>0x000002437a4e9050 JavaThread "C2 CompilerThread0"         daemon [_thread_in_native, id=8644, stack(0x000000e80dd00000,0x000000e80de00000) (1024K)]
  0x000002437a4ec660 JavaThread "C1 CompilerThread0"         daemon [_thread_blocked, id=22144, stack(0x000000e80de00000,0x000000e80df00000) (1024K)]
  0x000002437a4a0de0 JavaThread "Common-Cleaner"             daemon [_thread_blocked, id=23728, stack(0x000000e80df00000,0x000000e80e000000) (1024K)]
  0x000002437a7542d0 JavaThread "Monitor Ctrl-Break"         daemon [_thread_in_native, id=12008, stack(0x000000e80e000000,0x000000e80e100000) (1024K)]
  0x000002437a794c10 JavaThread "Notification Thread"        daemon [_thread_blocked, id=15576, stack(0x000000e80e100000,0x000000e80e200000) (1024K)]
Total: 12

Other Threads:
  0x000002437a4b0f60 VMThread "VM Thread"                           [id=11324, stack(0x000000e80d600000,0x000000e80d700000) (1024K)]
  0x000002437a49eed0 WatcherThread "VM Periodic Task Thread"        [id=13092, stack(0x000000e80d500000,0x000000e80d600000) (1024K)]
  0x000002435d98d5d0 WorkerThread "GC Thread#0"                     [id=8296, stack(0x000000e80d000000,0x000000e80d100000) (1024K)]
  0x000002435d99e070 ConcurrentGCThread "G1 Main Marker"            [id=25656, stack(0x000000e80d100000,0x000000e80d200000) (1024K)]
  0x000002435d99eb70 WorkerThread "G1 Conc#0"                       [id=17092, stack(0x000000e80d200000,0x000000e80d300000) (1024K)]
  0x000002435d9fe660 ConcurrentGCThread "G1 Refine#0"               [id=20296, stack(0x000000e80d300000,0x000000e80d400000) (1024K)]
  0x000002437a36c390 ConcurrentGCThread "G1 Service"                [id=21656, stack(0x000000e80d400000,0x000000e80d500000) (1024K)]
Total: 7

Threads with active compile tasks:
C2 CompilerThread0  8026 1089       4       jdk.internal.util.xml.impl.Parser::step (891 bytes)
Total: 1

VM state: not at safepoint (normal execution)

VM Mutex/Monitor currently owned by a thread: None

Heap address: 0x0000000082a00000, size: 2006 MB, Compressed Oops mode: 32-bit

CDS archive(s) mapped at: [0x0000024300000000-0x0000024300c80000-0x0000024300c80000), size 13107200, SharedBaseAddress: 0x0000024300000000, ArchiveRelocationMode: 1.
Compressed class space mapped at: 0x0000024301000000-0x0000024341000000, reserved size: 1073741824
Narrow klass base: 0x0000024300000000, Narrow klass shift: 0, Narrow klass range: 0x100000000

GC Precious Log:
 CardTable entry size: 512
 Card Set container configuration: InlinePtr #cards 5 size 8 Array Of Cards #cards 12 size 40 Howl #buckets 4 coarsen threshold 1843 Howl Bitmap #cards 512 size 80 coarsen threshold 460 Card regions per heap region 1 cards per card region 2048
 CPUs: 8 total, 8 available
 Memory: 8017M
 Large Page Support: Disabled
 NUMA Support: Disabled
 Compressed Oops: Enabled (32-bit)
 Heap Region Size: 1M
 Heap Min Capacity: 8M
 Heap Initial Capacity: 126M
 Heap Max Capacity: 2006M
 Pre-touch: Disabled
 Parallel Workers: 8
 Concurrent Workers: 2
 Concurrent Refinement Workers: 8
 Periodic GC: Disabled

Heap:
 garbage-first heap   total 129024K, used 18432K [0x0000000082a00000, 0x0000000100000000)
  region size 1024K, 20 young (20480K), 0 survivors (0K)
 Metaspace       used 7785K, committed 8000K, reserved 1114112K
  class space    used 776K, committed 896K, reserved 1048576K

Heap Regions: E=young(eden), S=young(survivor), O=old, HS=humongous(starts), HC=humongous(continues), CS=collection set, F=free, TAMS=top-at-mark-start, PB=parsable bottom
|   0|0x0000000082a00000, 0x0000000082a00000, 0x0000000082b00000|  0%| F|  |TAMS 0x0000000082a00000| PB 0x0000000082a00000| Untracked 
|   1|0x0000000082b00000, 0x0000000082b00000, 0x0000000082c00000|  0%| F|  |TAMS 0x0000000082b00000| PB 0x0000000082b00000| Untracked 
|   2|0x0000000082c00000, 0x0000000082c00000, 0x0000000082d00000|  0%| F|  |TAMS 0x0000000082c00000| PB 0x0000000082c00000| Untracked 
|   3|0x0000000082d00000, 0x0000000082d00000, 0x0000000082e00000|  0%| F|  |TAMS 0x0000000082d00000| PB 0x0000000082d00000| Untracked 
|   4|0x0000000082e00000, 0x0000000082e00000, 0x0000000082f00000|  0%| F|  |TAMS 0x0000000082e00000| PB 0x0000000082e00000| Untracked 
|   5|0x0000000082f00000, 0x0000000082f00000, 0x0000000083000000|  0%| F|  |TAMS 0x0000000082f00000| PB 0x0000000082f00000| Untracked 
|   6|0x0000000083000000, 0x0000000083000000, 0x0000000083100000|  0%| F|  |TAMS 0x0000000083000000| PB 0x0000000083000000| Untracked 
|   7|0x0000000083100000, 0x0000000083100000, 0x0000000083200000|  0%| F|  |TAMS 0x0000000083100000| PB 0x0000000083100000| Untracked 
|   8|0x0000000083200000, 0x0000000083200000, 0x0000000083300000|  0%| F|  |TAMS 0x0000000083200000| PB 0x0000000083200000| Untracked 
|   9|0x0000000083300000, 0x0000000083300000, 0x0000000083400000|  0%| F|  |TAMS 0x0000000083300000| PB 0x0000000083300000| Untracked 
|  10|0x0000000083400000, 0x0000000083400000, 0x0000000083500000|  0%| F|  |TAMS 0x0000000083400000| PB 0x0000000083400000| Untracked 
|  11|0x0000000083500000, 0x0000000083500000, 0x0000000083600000|  0%| F|  |TAMS 0x0000000083500000| PB 0x0000000083500000| Untracked 
|  12|0x0000000083600000, 0x0000000083600000, 0x0000000083700000|  0%| F|  |TAMS 0x0000000083600000| PB 0x0000000083600000| Untracked 
|  13|0x0000000083700000, 0x0000000083700000, 0x0000000083800000|  0%| F|  |TAMS 0x0000000083700000| PB 0x0000000083700000| Untracked 
|  14|0x0000000083800000, 0x0000000083800000, 0x0000000083900000|  0%| F|  |TAMS 0x0000000083800000| PB 0x0000000083800000| Untracked 
|  15|0x0000000083900000, 0x0000000083900000, 0x0000000083a00000|  0%| F|  |TAMS 0x0000000083900000| PB 0x0000000083900000| Untracked 
|  16|0x0000000083a00000, 0x0000000083a00000, 0x0000000083b00000|  0%| F|  |TAMS 0x0000000083a00000| PB 0x0000000083a00000| Untracked 
|  17|0x0000000083b00000, 0x0000000083b00000, 0x0000000083c00000|  0%| F|  |TAMS 0x0000000083b00000| PB 0x0000000083b00000| Untracked 
|  18|0x0000000083c00000, 0x0000000083c00000, 0x0000000083d00000|  0%| F|  |TAMS 0x0000000083c00000| PB 0x0000000083c00000| Untracked 
|  19|0x0000000083d00000, 0x0000000083d00000, 0x0000000083e00000|  0%| F|  |TAMS 0x0000000083d00000| PB 0x0000000083d00000| Untracked 
|  20|0x0000000083e00000, 0x0000000083e00000, 0x0000000083f00000|  0%| F|  |TAMS 0x0000000083e00000| PB 0x0000000083e00000| Untracked 
|  21|0x0000000083f00000, 0x0000000083f00000, 0x0000000084000000|  0%| F|  |TAMS 0x0000000083f00000| PB 0x0000000083f00000| Untracked 
|  22|0x0000000084000000, 0x0000000084000000, 0x0000000084100000|  0%| F|  |TAMS 0x0000000084000000| PB 0x0000000084000000| Untracked 
|  23|0x0000000084100000, 0x0000000084100000, 0x0000000084200000|  0%| F|  |TAMS 0x0000000084100000| PB 0x0000000084100000| Untracked 
|  24|0x0000000084200000, 0x0000000084200000, 0x0000000084300000|  0%| F|  |TAMS 0x0000000084200000| PB 0x0000000084200000| Untracked 
|  25|0x0000000084300000, 0x0000000084300000, 0x0000000084400000|  0%| F|  |TAMS 0x0000000084300000| PB 0x0000000084300000| Untracked 
|  26|0x0000000084400000, 0x0000000084400000, 0x0000000084500000|  0%| F|  |TAMS 0x0000000084400000| PB 0x0000000084400000| Untracked 
|  27|0x0000000084500000, 0x0000000084500000, 0x0000000084600000|  0%| F|  |TAMS 0x0000000084500000| PB 0x0000000084500000| Untracked 
|  28|0x0000000084600000, 0x0000000084600000, 0x0000000084700000|  0%| F|  |TAMS 0x0000000084600000| PB 0x0000000084600000| Untracked 
|  29|0x0000000084700000, 0x0000000084700000, 0x0000000084800000|  0%| F|  |TAMS 0x0000000084700000| PB 0x0000000084700000| Untracked 
|  30|0x0000000084800000, 0x0000000084800000, 0x0000000084900000|  0%| F|  |TAMS 0x0000000084800000| PB 0x0000000084800000| Untracked 
|  31|0x0000000084900000, 0x0000000084900000, 0x0000000084a00000|  0%| F|  |TAMS 0x0000000084900000| PB 0x0000000084900000| Untracked 
|  32|0x0000000084a00000, 0x0000000084a00000, 0x0000000084b00000|  0%| F|  |TAMS 0x0000000084a00000| PB 0x0000000084a00000| Untracked 
|  33|0x0000000084b00000, 0x0000000084b00000, 0x0000000084c00000|  0%| F|  |TAMS 0x0000000084b00000| PB 0x0000000084b00000| Untracked 
|  34|0x0000000084c00000, 0x0000000084c00000, 0x0000000084d00000|  0%| F|  |TAMS 0x0000000084c00000| PB 0x0000000084c00000| Untracked 
|  35|0x0000000084d00000, 0x0000000084d00000, 0x0000000084e00000|  0%| F|  |TAMS 0x0000000084d00000| PB 0x0000000084d00000| Untracked 
|  36|0x0000000084e00000, 0x0000000084e00000, 0x0000000084f00000|  0%| F|  |TAMS 0x0000000084e00000| PB 0x0000000084e00000| Untracked 
|  37|0x0000000084f00000, 0x0000000084f00000, 0x0000000085000000|  0%| F|  |TAMS 0x0000000084f00000| PB 0x0000000084f00000| Untracked 
|  38|0x0000000085000000, 0x0000000085000000, 0x0000000085100000|  0%| F|  |TAMS 0x0000000085000000| PB 0x0000000085000000| Untracked 
|  39|0x0000000085100000, 0x0000000085100000, 0x0000000085200000|  0%| F|  |TAMS 0x0000000085100000| PB 0x0000000085100000| Untracked 
|  40|0x0000000085200000, 0x0000000085200000, 0x0000000085300000|  0%| F|  |TAMS 0x0000000085200000| PB 0x0000000085200000| Untracked 
|  41|0x0000000085300000, 0x0000000085300000, 0x0000000085400000|  0%| F|  |TAMS 0x0000000085300000| PB 0x0000000085300000| Untracked 
|  42|0x0000000085400000, 0x0000000085400000, 0x0000000085500000|  0%| F|  |TAMS 0x0000000085400000| PB 0x0000000085400000| Untracked 
|  43|0x0000000085500000, 0x0000000085500000, 0x0000000085600000|  0%| F|  |TAMS 0x0000000085500000| PB 0x0000000085500000| Untracked 
|  44|0x0000000085600000, 0x0000000085600000, 0x0000000085700000|  0%| F|  |TAMS 0x0000000085600000| PB 0x0000000085600000| Untracked 
|  45|0x0000000085700000, 0x0000000085700000, 0x0000000085800000|  0%| F|  |TAMS 0x0000000085700000| PB 0x0000000085700000| Untracked 
|  46|0x0000000085800000, 0x0000000085800000, 0x0000000085900000|  0%| F|  |TAMS 0x0000000085800000| PB 0x0000000085800000| Untracked 
|  47|0x0000000085900000, 0x0000000085900000, 0x0000000085a00000|  0%| F|  |TAMS 0x0000000085900000| PB 0x0000000085900000| Untracked 
|  48|0x0000000085a00000, 0x0000000085a00000, 0x0000000085b00000|  0%| F|  |TAMS 0x0000000085a00000| PB 0x0000000085a00000| Untracked 
|  49|0x0000000085b00000, 0x0000000085b00000, 0x0000000085c00000|  0%| F|  |TAMS 0x0000000085b00000| PB 0x0000000085b00000| Untracked 
|  50|0x0000000085c00000, 0x0000000085c00000, 0x0000000085d00000|  0%| F|  |TAMS 0x0000000085c00000| PB 0x0000000085c00000| Untracked 
|  51|0x0000000085d00000, 0x0000000085d00000, 0x0000000085e00000|  0%| F|  |TAMS 0x0000000085d00000| PB 0x0000000085d00000| Untracked 
|  52|0x0000000085e00000, 0x0000000085e00000, 0x0000000085f00000|  0%| F|  |TAMS 0x0000000085e00000| PB 0x0000000085e00000| Untracked 
|  53|0x0000000085f00000, 0x0000000085f00000, 0x0000000086000000|  0%| F|  |TAMS 0x0000000085f00000| PB 0x0000000085f00000| Untracked 
|  54|0x0000000086000000, 0x0000000086000000, 0x0000000086100000|  0%| F|  |TAMS 0x0000000086000000| PB 0x0000000086000000| Untracked 
|  55|0x0000000086100000, 0x0000000086100000, 0x0000000086200000|  0%| F|  |TAMS 0x0000000086100000| PB 0x0000000086100000| Untracked 
|  56|0x0000000086200000, 0x0000000086200000, 0x0000000086300000|  0%| F|  |TAMS 0x0000000086200000| PB 0x0000000086200000| Untracked 
|  57|0x0000000086300000, 0x0000000086300000, 0x0000000086400000|  0%| F|  |TAMS 0x0000000086300000| PB 0x0000000086300000| Untracked 
|  58|0x0000000086400000, 0x0000000086400000, 0x0000000086500000|  0%| F|  |TAMS 0x0000000086400000| PB 0x0000000086400000| Untracked 
|  59|0x0000000086500000, 0x0000000086500000, 0x0000000086600000|  0%| F|  |TAMS 0x0000000086500000| PB 0x0000000086500000| Untracked 
|  60|0x0000000086600000, 0x0000000086600000, 0x0000000086700000|  0%| F|  |TAMS 0x0000000086600000| PB 0x0000000086600000| Untracked 
|  61|0x0000000086700000, 0x0000000086700000, 0x0000000086800000|  0%| F|  |TAMS 0x0000000086700000| PB 0x0000000086700000| Untracked 
|  62|0x0000000086800000, 0x0000000086800000, 0x0000000086900000|  0%| F|  |TAMS 0x0000000086800000| PB 0x0000000086800000| Untracked 
|  63|0x0000000086900000, 0x0000000086900000, 0x0000000086a00000|  0%| F|  |TAMS 0x0000000086900000| PB 0x0000000086900000| Untracked 
|  64|0x0000000086a00000, 0x0000000086a00000, 0x0000000086b00000|  0%| F|  |TAMS 0x0000000086a00000| PB 0x0000000086a00000| Untracked 
|  65|0x0000000086b00000, 0x0000000086b00000, 0x0000000086c00000|  0%| F|  |TAMS 0x0000000086b00000| PB 0x0000000086b00000| Untracked 
|  66|0x0000000086c00000, 0x0000000086c00000, 0x0000000086d00000|  0%| F|  |TAMS 0x0000000086c00000| PB 0x0000000086c00000| Untracked 
|  67|0x0000000086d00000, 0x0000000086d00000, 0x0000000086e00000|  0%| F|  |TAMS 0x0000000086d00000| PB 0x0000000086d00000| Untracked 
|  68|0x0000000086e00000, 0x0000000086e00000, 0x0000000086f00000|  0%| F|  |TAMS 0x0000000086e00000| PB 0x0000000086e00000| Untracked 
|  69|0x0000000086f00000, 0x0000000086f00000, 0x0000000087000000|  0%| F|  |TAMS 0x0000000086f00000| PB 0x0000000086f00000| Untracked 
|  70|0x0000000087000000, 0x0000000087000000, 0x0000000087100000|  0%| F|  |TAMS 0x0000000087000000| PB 0x0000000087000000| Untracked 
|  71|0x0000000087100000, 0x0000000087100000, 0x0000000087200000|  0%| F|  |TAMS 0x0000000087100000| PB 0x0000000087100000| Untracked 
|  72|0x0000000087200000, 0x0000000087200000, 0x0000000087300000|  0%| F|  |TAMS 0x0000000087200000| PB 0x0000000087200000| Untracked 
|  73|0x0000000087300000, 0x0000000087300000, 0x0000000087400000|  0%| F|  |TAMS 0x0000000087300000| PB 0x0000000087300000| Untracked 
|  74|0x0000000087400000, 0x0000000087400000, 0x0000000087500000|  0%| F|  |TAMS 0x0000000087400000| PB 0x0000000087400000| Untracked 
|  75|0x0000000087500000, 0x0000000087500000, 0x0000000087600000|  0%| F|  |TAMS 0x0000000087500000| PB 0x0000000087500000| Untracked 
|  76|0x0000000087600000, 0x0000000087600000, 0x0000000087700000|  0%| F|  |TAMS 0x0000000087600000| PB 0x0000000087600000| Untracked 
|  77|0x0000000087700000, 0x0000000087700000, 0x0000000087800000|  0%| F|  |TAMS 0x0000000087700000| PB 0x0000000087700000| Untracked 
|  78|0x0000000087800000, 0x0000000087800000, 0x0000000087900000|  0%| F|  |TAMS 0x0000000087800000| PB 0x0000000087800000| Untracked 
|  79|0x0000000087900000, 0x0000000087900000, 0x0000000087a00000|  0%| F|  |TAMS 0x0000000087900000| PB 0x0000000087900000| Untracked 
|  80|0x0000000087a00000, 0x0000000087a00000, 0x0000000087b00000|  0%| F|  |TAMS 0x0000000087a00000| PB 0x0000000087a00000| Untracked 
|  81|0x0000000087b00000, 0x0000000087b00000, 0x0000000087c00000|  0%| F|  |TAMS 0x0000000087b00000| PB 0x0000000087b00000| Untracked 
|  82|0x0000000087c00000, 0x0000000087c00000, 0x0000000087d00000|  0%| F|  |TAMS 0x0000000087c00000| PB 0x0000000087c00000| Untracked 
|  83|0x0000000087d00000, 0x0000000087d00000, 0x0000000087e00000|  0%| F|  |TAMS 0x0000000087d00000| PB 0x0000000087d00000| Untracked 
|  84|0x0000000087e00000, 0x0000000087e00000, 0x0000000087f00000|  0%| F|  |TAMS 0x0000000087e00000| PB 0x0000000087e00000| Untracked 
|  85|0x0000000087f00000, 0x0000000087f00000, 0x0000000088000000|  0%| F|  |TAMS 0x0000000087f00000| PB 0x0000000087f00000| Untracked 
|  86|0x0000000088000000, 0x0000000088000000, 0x0000000088100000|  0%| F|  |TAMS 0x0000000088000000| PB 0x0000000088000000| Untracked 
|  87|0x0000000088100000, 0x0000000088100000, 0x0000000088200000|  0%| F|  |TAMS 0x0000000088100000| PB 0x0000000088100000| Untracked 
|  88|0x0000000088200000, 0x0000000088200000, 0x0000000088300000|  0%| F|  |TAMS 0x0000000088200000| PB 0x0000000088200000| Untracked 
|  89|0x0000000088300000, 0x0000000088300000, 0x0000000088400000|  0%| F|  |TAMS 0x0000000088300000| PB 0x0000000088300000| Untracked 
|  90|0x0000000088400000, 0x0000000088400000, 0x0000000088500000|  0%| F|  |TAMS 0x0000000088400000| PB 0x0000000088400000| Untracked 
|  91|0x0000000088500000, 0x0000000088500000, 0x0000000088600000|  0%| F|  |TAMS 0x0000000088500000| PB 0x0000000088500000| Untracked 
|  92|0x0000000088600000, 0x0000000088600000, 0x0000000088700000|  0%| F|  |TAMS 0x0000000088600000| PB 0x0000000088600000| Untracked 
|  93|0x0000000088700000, 0x0000000088700000, 0x0000000088800000|  0%| F|  |TAMS 0x0000000088700000| PB 0x0000000088700000| Untracked 
|  94|0x0000000088800000, 0x0000000088800000, 0x0000000088900000|  0%| F|  |TAMS 0x0000000088800000| PB 0x0000000088800000| Untracked 
|  95|0x0000000088900000, 0x0000000088900000, 0x0000000088a00000|  0%| F|  |TAMS 0x0000000088900000| PB 0x0000000088900000| Untracked 
|  96|0x0000000088a00000, 0x0000000088a00000, 0x0000000088b00000|  0%| F|  |TAMS 0x0000000088a00000| PB 0x0000000088a00000| Untracked 
|  97|0x0000000088b00000, 0x0000000088b00000, 0x0000000088c00000|  0%| F|  |TAMS 0x0000000088b00000| PB 0x0000000088b00000| Untracked 
|  98|0x0000000088c00000, 0x0000000088c00000, 0x0000000088d00000|  0%| F|  |TAMS 0x0000000088c00000| PB 0x0000000088c00000| Untracked 
|  99|0x0000000088d00000, 0x0000000088d00000, 0x0000000088e00000|  0%| F|  |TAMS 0x0000000088d00000| PB 0x0000000088d00000| Untracked 
| 100|0x0000000088e00000, 0x0000000088e00000, 0x0000000088f00000|  0%| F|  |TAMS 0x0000000088e00000| PB 0x0000000088e00000| Untracked 
| 101|0x0000000088f00000, 0x0000000088f00000, 0x0000000089000000|  0%| F|  |TAMS 0x0000000088f00000| PB 0x0000000088f00000| Untracked 
| 102|0x0000000089000000, 0x0000000089000000, 0x0000000089100000|  0%| F|  |TAMS 0x0000000089000000| PB 0x0000000089000000| Untracked 
| 103|0x0000000089100000, 0x0000000089100000, 0x0000000089200000|  0%| F|  |TAMS 0x0000000089100000| PB 0x0000000089100000| Untracked 
| 104|0x0000000089200000, 0x0000000089200000, 0x0000000089300000|  0%| F|  |TAMS 0x0000000089200000| PB 0x0000000089200000| Untracked 
| 105|0x0000000089300000, 0x0000000089300000, 0x0000000089400000|  0%| F|  |TAMS 0x0000000089300000| PB 0x0000000089300000| Untracked 
| 106|0x0000000089400000, 0x0000000089476838, 0x0000000089500000| 46%| E|  |TAMS 0x0000000089400000| PB 0x0000000089400000| Complete 
| 107|0x0000000089500000, 0x0000000089600000, 0x0000000089600000|100%| E|CS|TAMS 0x0000000089500000| PB 0x0000000089500000| Complete 
| 108|0x0000000089600000, 0x0000000089700000, 0x0000000089700000|100%| E|CS|TAMS 0x0000000089600000| PB 0x0000000089600000| Complete 
| 109|0x0000000089700000, 0x0000000089800000, 0x0000000089800000|100%| E|CS|TAMS 0x0000000089700000| PB 0x0000000089700000| Complete 
| 110|0x0000000089800000, 0x0000000089900000, 0x0000000089900000|100%| E|CS|TAMS 0x0000000089800000| PB 0x0000000089800000| Complete 
| 111|0x0000000089900000, 0x0000000089a00000, 0x0000000089a00000|100%| E|CS|TAMS 0x0000000089900000| PB 0x0000000089900000| Complete 
| 112|0x0000000089a00000, 0x0000000089b00000, 0x0000000089b00000|100%| E|CS|TAMS 0x0000000089a00000| PB 0x0000000089a00000| Complete 
| 113|0x0000000089b00000, 0x0000000089c00000, 0x0000000089c00000|100%| E|  |TAMS 0x0000000089b00000| PB 0x0000000089b00000| Complete 
| 114|0x0000000089c00000, 0x0000000089d00000, 0x0000000089d00000|100%| E|CS|TAMS 0x0000000089c00000| PB 0x0000000089c00000| Complete 
| 115|0x0000000089d00000, 0x0000000089e00000, 0x0000000089e00000|100%| E|CS|TAMS 0x0000000089d00000| PB 0x0000000089d00000| Complete 
| 116|0x0000000089e00000, 0x0000000089f00000, 0x0000000089f00000|100%| E|CS|TAMS 0x0000000089e00000| PB 0x0000000089e00000| Complete 
| 117|0x0000000089f00000, 0x000000008a000000, 0x000000008a000000|100%| E|CS|TAMS 0x0000000089f00000| PB 0x0000000089f00000| Complete 
| 118|0x000000008a000000, 0x000000008a100000, 0x000000008a100000|100%| E|CS|TAMS 0x000000008a000000| PB 0x000000008a000000| Complete 
| 119|0x000000008a100000, 0x000000008a200000, 0x000000008a200000|100%| E|CS|TAMS 0x000000008a100000| PB 0x000000008a100000| Complete 
| 120|0x000000008a200000, 0x000000008a300000, 0x000000008a300000|100%| E|CS|TAMS 0x000000008a200000| PB 0x000000008a200000| Complete 
| 121|0x000000008a300000, 0x000000008a400000, 0x000000008a400000|100%| E|CS|TAMS 0x000000008a300000| PB 0x000000008a300000| Complete 
| 122|0x000000008a400000, 0x000000008a500000, 0x000000008a500000|100%| E|CS|TAMS 0x000000008a400000| PB 0x000000008a400000| Complete 
| 123|0x000000008a500000, 0x000000008a600000, 0x000000008a600000|100%| E|CS|TAMS 0x000000008a500000| PB 0x000000008a500000| Complete 
| 124|0x000000008a600000, 0x000000008a700000, 0x000000008a700000|100%| E|CS|TAMS 0x000000008a600000| PB 0x000000008a600000| Complete 
| 125|0x000000008a700000, 0x000000008a800000, 0x000000008a800000|100%| E|CS|TAMS 0x000000008a700000| PB 0x000000008a700000| Complete 

Card table byte_map: [0x0000024375760000,0x0000024375b50000] _byte_map_base: 0x000002437534b000

Marking Bits: (CMBitMap*) 0x000002435d98dcd0
 Bits: [0x0000024375b50000, 0x0000024377aa8000)

Polling page: 0x000002435b7b0000

Metaspace:

Usage:
  Non-class:      6.87 MB used.
      Class:    778.70 KB used.
       Both:      7.63 MB used.

Virtual space:
  Non-class space:       64.00 MB reserved,       6.94 MB ( 11%) committed,  1 nodes.
      Class space:        1.00 GB reserved,     896.00 KB ( <1%) committed,  1 nodes.
             Both:        1.06 GB reserved,       7.81 MB ( <1%) committed. 

Chunk freelists:
   Non-Class:  8.62 MB
       Class:  15.10 MB
        Both:  23.72 MB

MaxMetaspaceSize: unlimited
CompressedClassSpaceSize: 1.00 GB
Initial GC threshold: 21.00 MB
Current GC threshold: 21.00 MB
CDS: on
 - commit_granule_bytes: 65536.
 - commit_granule_words: 8192.
 - virtual_space_node_default_size: 8388608.
 - enlarge_chunks_in_place: 1.
 - use_allocation_guard: 0.


Internal statistics:

num_allocs_failed_limit: 0.
num_arena_births: 102.
num_arena_deaths: 0.
num_vsnodes_births: 2.
num_vsnodes_deaths: 0.
num_space_committed: 125.
num_space_uncommitted: 0.
num_chunks_returned_to_freelist: 0.
num_chunks_taken_from_freelist: 239.
num_chunk_merges: 0.
num_chunk_splits: 150.
num_chunks_enlarged: 102.
num_inconsistent_stats: 0.

CodeHeap 'non-profiled nmethods': size=120000Kb used=339Kb max_used=339Kb free=119660Kb
 bounds [0x000002436db10000, 0x000002436dd80000, 0x0000024375040000]
CodeHeap 'profiled nmethods': size=120000Kb used=2144Kb max_used=2144Kb free=117856Kb
 bounds [0x0000024366040000, 0x00000243662b0000, 0x000002436d570000]
CodeHeap 'non-nmethods': size=5760Kb used=1555Kb max_used=1560Kb free=4204Kb
 bounds [0x000002436d570000, 0x000002436d7e0000, 0x000002436db10000]
CodeCache: size=245760Kb, used=4038Kb, max_used=4043Kb, free=241720Kb
 total_blobs=1749, nmethods=1245, adapters=409, full_count=0
Compilation: enabled, stopped_count=0, restarted_count=0

Compilation events (20 events):
Event: 3.737 Thread 0x000002437a4ec660 1164       3       java.lang.invoke.MethodHandles$Lookup::checkSecurityManager (97 bytes)
Event: 3.738 Thread 0x000002437a4ec660 nmethod 1164 0x0000024366212c90 code [0x0000024366212e80, 0x0000024366213378]
Event: 3.738 Thread 0x000002437a4ec660 1165       3       java.lang.invoke.MethodHandleNatives::refKindIsMethod (19 bytes)
Event: 3.739 Thread 0x000002437a4ec660 nmethod 1165 0x0000024366213510 code [0x00000243662136c0, 0x00000243662138e8]
Event: 3.739 Thread 0x000002437a4ec660 1167       3       javax.management.StandardMBean::equal (23 bytes)
Event: 3.740 Thread 0x000002437a4ec660 nmethod 1167 0x0000024366213990 code [0x0000024366213b60, 0x0000024366213e00]
Event: 3.745 Thread 0x000002437a4ec660 1168       3       java.lang.StringLatin1::indexOf (25 bytes)
Event: 3.745 Thread 0x000002437a4ec660 nmethod 1168 0x0000024366213f10 code [0x00000243662140e0, 0x00000243662142d0]
Event: 3.747 Thread 0x000002437a4ec660 1169       1       java.util.logging.LogManager$LoggerContext::getOwner (5 bytes)
Event: 3.747 Thread 0x000002437a4ec660 nmethod 1169 0x000002436db63e10 code [0x000002436db63fa0, 0x000002436db64068]
Event: 3.748 Thread 0x000002437a4ec660 1170       3       java.lang.invoke.MemberName::changeReferenceKind (46 bytes)
Event: 3.749 Thread 0x000002437a4ec660 nmethod 1170 0x0000024366214390 code [0x0000024366214520, 0x0000024366214650]
Event: 3.750 Thread 0x000002437a4ec660 1171       3       java.lang.invoke.MethodHandles$Lookup::isArrayClone (50 bytes)
Event: 3.752 Thread 0x000002437a4ec660 nmethod 1171 0x0000024366214710 code [0x0000024366214920, 0x0000024366214fa0]
Event: 3.752 Thread 0x000002437a4ec660 1172       3       java.lang.Class::descriptorString (170 bytes)
Event: 3.755 Thread 0x000002437a4ec660 nmethod 1172 0x0000024366215210 code [0x0000024366215680, 0x0000024366216dd0]
Event: 3.758 Thread 0x000002437a4ec660 1173       3       sun.net.util.IPAddressUtil::checkHostString (64 bytes)
Event: 3.759 Thread 0x000002437a4ec660 nmethod 1173 0x0000024366217790 code [0x0000024366217960, 0x0000024366217b68]
Event: 3.759 Thread 0x000002437a4ec660 1174       3       sun.net.util.IPAddressUtil::checkHost (156 bytes)
Event: 7.792 Thread 0x000002437a4ec660 nmethod 1174 0x0000024366217c10 code [0x00000243662180a0, 0x0000024366219cf0]

GC Heap History (0 events):
No events

Dll operation events (11 events):
Event: 0.053 Loaded shared library C:\Users\tumf3\.jdks\temurin-21.0.8\bin\java.dll
Event: 0.246 Loaded shared library C:\Users\tumf3\.jdks\temurin-21.0.8\bin\jsvml.dll
Event: 0.447 Loaded shared library C:\Users\tumf3\.jdks\temurin-21.0.8\bin\zip.dll
Event: 0.474 Loaded shared library C:\Users\tumf3\.jdks\temurin-21.0.8\bin\instrument.dll
Event: 0.570 Loaded shared library C:\Users\tumf3\.jdks\temurin-21.0.8\bin\net.dll
Event: 0.622 Loaded shared library C:\Users\tumf3\.jdks\temurin-21.0.8\bin\nio.dll
Event: 0.695 Loaded shared library C:\Users\tumf3\.jdks\temurin-21.0.8\bin\zip.dll
Event: 0.786 Loaded shared library C:\Users\tumf3\.jdks\temurin-21.0.8\bin\jimage.dll
Event: 1.096 Loaded shared library C:\Users\tumf3\.jdks\temurin-21.0.8\bin\extnet.dll
Event: 1.117 Loaded shared library C:\Users\tumf3\.jdks\temurin-21.0.8\bin\management.dll
Event: 1.425 Loaded shared library C:\Users\tumf3\.jdks\temurin-21.0.8\bin\management_ext.dll

Deoptimization events (20 events):
Event: 2.269 Thread 0x000002435b5b28d0 DEOPT PACKING pc=0x000002436db4e174 sp=0x000000e80cffda60
Event: 2.269 Thread 0x000002435b5b28d0 DEOPT UNPACKING pc=0x000002436d5c7da2 sp=0x000000e80cffda00 mode 2
Event: 2.548 Thread 0x000002435b5b28d0 DEOPT PACKING pc=0x00000243660d10c5 sp=0x000000e80cffa810
Event: 2.548 Thread 0x000002435b5b28d0 DEOPT UNPACKING pc=0x000002436d5c88e2 sp=0x000000e80cff9c60 mode 0
Event: 2.629 Thread 0x000002437a4d83d0 DEOPT PACKING pc=0x00000243660d2e43 sp=0x000000e80dafd410
Event: 2.629 Thread 0x000002437a4d83d0 DEOPT UNPACKING pc=0x000002436d5c88e2 sp=0x000000e80dafc888 mode 0
Event: 2.642 Thread 0x000002437a4d83d0 Uncommon trap: trap_request=0xffffff76 fr.pc=0x000002436db2c51c relative=0x000000000000041c
Event: 2.642 Thread 0x000002437a4d83d0 Uncommon trap: reason=predicate action=maybe_recompile pc=0x000002436db2c51c method=java.util.regex.Pattern$Start.match(Ljava/util/regex/Matcher;ILjava/lang/CharSequence;)Z @ 34 c2
Event: 2.642 Thread 0x000002437a4d83d0 DEOPT PACKING pc=0x000002436db2c51c sp=0x000000e80dafda10
Event: 2.642 Thread 0x000002437a4d83d0 DEOPT UNPACKING pc=0x000002436d5c7da2 sp=0x000000e80dafd970 mode 2
Event: 2.642 Thread 0x000002437a4d83d0 Uncommon trap: trap_request=0xffffff45 fr.pc=0x000002436db5ffd8 relative=0x00000000000000b8
Event: 2.642 Thread 0x000002437a4d83d0 Uncommon trap: reason=unstable_if action=reinterpret pc=0x000002436db5ffd8 method=jdk.internal.util.xml.impl.Parser.bappend(CC)V @ 1 c2
Event: 2.642 Thread 0x000002437a4d83d0 DEOPT PACKING pc=0x000002436db5ffd8 sp=0x000000e80dafd7a0
Event: 2.642 Thread 0x000002437a4d83d0 DEOPT UNPACKING pc=0x000002436d5c7da2 sp=0x000000e80dafd728 mode 2
Event: 2.643 Thread 0x000002437a4d83d0 Uncommon trap: trap_request=0xffffff45 fr.pc=0x000002436db5fc14 relative=0x0000000000000074
Event: 2.643 Thread 0x000002437a4d83d0 Uncommon trap: reason=unstable_if action=reinterpret pc=0x000002436db5fc14 method=jdk.internal.util.xml.impl.Parser.ensureCapacity(I)V @ 40 c2
Event: 2.643 Thread 0x000002437a4d83d0 DEOPT PACKING pc=0x000002436db5fc14 sp=0x000000e80dafd7a0
Event: 2.643 Thread 0x000002437a4d83d0 DEOPT UNPACKING pc=0x000002436d5c7da2 sp=0x000000e80dafd718 mode 2
Event: 2.650 Thread 0x000002437a4d83d0 DEOPT PACKING pc=0x00000243660d2e43 sp=0x000000e80dafd5d0
Event: 2.650 Thread 0x000002437a4d83d0 DEOPT UNPACKING pc=0x000002436d5c88e2 sp=0x000000e80dafca48 mode 0

Classes loaded (20 events):
Event: 3.753 Loading class javax/management/remote/rmi/RMIConnectorServer
Event: 3.755 Loading class javax/management/remote/rmi/RMIConnectorServer done
Event: 3.756 Loading class javax/management/remote/rmi/RMIJRMPServerImpl
Event: 3.756 Loading class javax/management/remote/rmi/RMIServerImpl
Event: 3.757 Loading class javax/management/remote/rmi/RMIServer
Event: 3.757 Loading class java/rmi/Remote
Event: 3.757 Loading class java/rmi/Remote done
Event: 3.757 Loading class javax/management/remote/rmi/RMIServer done
Event: 3.757 Loading class javax/management/remote/rmi/RMIServerImpl done
Event: 3.757 Loading class javax/management/remote/rmi/RMIJRMPServerImpl done
Event: 3.758 Loading class java/io/ObjectInputFilter$Config
Event: 3.758 Loading class java/io/ObjectInputFilter$Config done
Event: 3.758 Loading class java/io/ObjectInputFilter
Event: 3.759 Loading class java/io/ObjectInputFilter done
Event: 3.759 Loading class java/util/concurrent/atomic/AtomicBoolean
Event: 3.759 Loading class java/util/concurrent/atomic/AtomicBoolean done
Event: 3.762 Loading class java/io/ObjectInputFilter$Config$BuiltinFilterFactory
Event: 3.762 Loading class java/io/ObjectInputFilter$Config$BuiltinFilterFactory done
Event: 3.762 Loading class jdk/internal/access/JavaObjectInputFilterAccess
Event: 3.762 Loading class jdk/internal/access/JavaObjectInputFilterAccess done

Classes unloaded (0 events):
No events

Classes redefined (0 events):
No events

Internal exceptions (8 events):
Event: 0.782 Thread 0x000002435b5b28d0 Exception <a 'java/lang/NoSuchMethodError'{0x000000008a599e20}: 'void java.lang.invoke.DirectMethodHandle$Holder.invokeStatic(java.lang.Object, java.lang.Object, java.lang.Object)'> (0x000000008a599e20) 
thrown [s\src\hotspot\share\interpreter\linkResolver.cpp, line 773]
Event: 0.804 Thread 0x000002435b5b28d0 Exception <a 'java/lang/NoSuchMethodError'{0x000000008a5b1938}: 'java.lang.Object java.lang.invoke.Invokers$Holder.invokeExact_MT(java.lang.Object, java.lang.Object, java.lang.Object, java.lang.Object, java.lang.Object)'> (0x000000008a5b1938) 
thrown [s\src\hotspot\share\interpreter\linkResolver.cpp, line 773]
Event: 0.922 Thread 0x000002437a4d83d0 Exception <a 'java/lang/NoSuchMethodError'{0x000000008a30f118}: 'java.lang.Object java.lang.invoke.Invokers$Holder.invokeExact_MT(java.lang.Object, java.lang.Object, java.lang.Object, java.lang.Object, java.lang.Object, java.lang.Object)'> (0x000000008a30f118) 
thrown [s\src\hotspot\share\interpreter\linkResolver.cpp, line 773]
Event: 1.170 Thread 0x000002437a7542d0 Exception <a 'java/lang/NoSuchMethodError'{0x000000008a4f3948}: 'void java.lang.invoke.DirectMethodHandle$Holder.invokeStatic(java.lang.Object, java.lang.Object)'> (0x000000008a4f3948) 
thrown [s\src\hotspot\share\interpreter\linkResolver.cpp, line 773]
Event: 1.445 Thread 0x000002437a4d83d0 Exception <a 'java/lang/NoSuchMethodError'{0x000000008a341c08}: 'int java.lang.invoke.DirectMethodHandle$Holder.invokeInterface(java.lang.Object, java.lang.Object)'> (0x000000008a341c08) 
thrown [s\src\hotspot\share\interpreter\linkResolver.cpp, line 773]
Event: 1.447 Thread 0x000002437a4d83d0 Exception <a 'java/lang/IncompatibleClassChangeError'{0x000000008a344e28}: Found class java.lang.Object, but interface was expected> (0x000000008a344e28) 
thrown [s\src\hotspot\share\interpreter\linkResolver.cpp, line 840]
Event: 1.668 Thread 0x000002437a4d83d0 Exception <a 'java/lang/NoSuchMethodError'{0x0000000089f9b748}: 'int java.lang.invoke.DirectMethodHandle$Holder.invokeSpecial(java.lang.Object, java.lang.Object, java.lang.Object)'> (0x0000000089f9b748) 
thrown [s\src\hotspot\share\interpreter\linkResolver.cpp, line 773]
Event: 1.824 Thread 0x000002437a4d83d0 Exception <a 'java/lang/NoSuchMethodError'{0x0000000089d5b310}: 'java.lang.Object java.lang.invoke.DirectMethodHandle$Holder.invokeStaticInit(java.lang.Object, java.lang.Object, java.lang.Object)'> (0x0000000089d5b310) 
thrown [s\src\hotspot\share\interpreter\linkResolver.cpp, line 773]

ZGC Phase Switch (0 events):
No events

VM Operations (17 events):
Event: 0.365 Executing VM operation: HandshakeAllThreads (Deoptimize)
Event: 0.365 Executing VM operation: HandshakeAllThreads (Deoptimize) done
Event: 0.820 Executing VM operation: HandshakeAllThreads (Deoptimize)
Event: 0.820 Executing VM operation: HandshakeAllThreads (Deoptimize) done
Event: 1.148 Executing VM operation: HandshakeAllThreads (Deoptimize)
Event: 1.165 Executing VM operation: HandshakeAllThreads (Deoptimize) done
Event: 1.166 Executing VM operation: Cleanup
Event: 1.169 Executing VM operation: Cleanup done
Event: 1.170 Executing VM operation: HandshakeAllThreads (Deoptimize)
Event: 1.170 Executing VM operation: HandshakeAllThreads (Deoptimize) done
Event: 2.174 Executing VM operation: Cleanup
Event: 2.190 Executing VM operation: Cleanup done
Event: 2.271 Executing VM operation: HandshakeAllThreads (Deoptimize)
Event: 2.271 Executing VM operation: HandshakeAllThreads (Deoptimize) done
Event: 3.283 Executing VM operation: Cleanup
Event: 3.735 Executing VM operation: Cleanup done
Event: 4.738 Executing VM operation: Cleanup

Memory protections (0 events):
No events

Nmethod flushes (0 events):
No events

Events (12 events):
Event: 0.119 Thread 0x000002435b5b28d0 Thread added: 0x000002435b5b28d0
Event: 0.228 Thread 0x000002435b5b28d0 Thread added: 0x000002437a4cdb10
Event: 0.228 Thread 0x000002435b5b28d0 Thread added: 0x000002437a4ce850
Event: 0.230 Thread 0x000002435b5b28d0 Thread added: 0x000002437a4d7890
Event: 0.230 Thread 0x000002435b5b28d0 Thread added: 0x000002437a4d83d0
Event: 0.231 Thread 0x000002435b5b28d0 Thread added: 0x000002437a4d8f10
Event: 0.231 Thread 0x000002435b5b28d0 Thread added: 0x000002437a4db490
Event: 0.232 Thread 0x000002435b5b28d0 Thread added: 0x000002437a4e9050
Event: 0.235 Thread 0x000002435b5b28d0 Thread added: 0x000002437a4ec660
Event: 0.340 Thread 0x000002435b5b28d0 Thread added: 0x000002437a4a0de0
Event: 0.836 Thread 0x000002435b5b28d0 Thread added: 0x000002437a7542d0
Event: 0.836 Thread 0x000002435b5b28d0 Thread added: 0x000002437a794c10


Dynamic libraries:
0x00007ff7d6bf0000 - 0x00007ff7d6bfe000 	C:\Users\tumf3\.jdks\temurin-21.0.8\bin\java.exe
0x00007ffd9b940000 - 0x00007ffd9bba9000 	C:\WINDOWS\SYSTEM32\ntdll.dll
0x00007ffd9a2a0000 - 0x00007ffd9a369000 	C:\WINDOWS\System32\KERNEL32.DLL
0x00007ffd98ee0000 - 0x00007ffd992d3000 	C:\WINDOWS\System32\KERNELBASE.dll
0x00007ffd995c0000 - 0x00007ffd9970b000 	C:\WINDOWS\System32\ucrtbase.dll
0x00007ffd8a0a0000 - 0x00007ffd8a0b8000 	C:\Users\tumf3\.jdks\temurin-21.0.8\bin\jli.dll
0x00007ffd9b440000 - 0x00007ffd9b604000 	C:\WINDOWS\System32\USER32.dll
0x00007ffd98e20000 - 0x00007ffd98e47000 	C:\WINDOWS\System32\win32u.dll
0x00007ffd9a800000 - 0x00007ffd9a82b000 	C:\WINDOWS\System32\GDI32.dll
0x00007ffd98cf0000 - 0x00007ffd98e1d000 	C:\WINDOWS\System32\gdi32full.dll
0x00007ffd99510000 - 0x00007ffd995b3000 	C:\WINDOWS\System32\msvcp_win.dll
0x00007ffd89e90000 - 0x00007ffd89eae000 	C:\Users\tumf3\.jdks\temurin-21.0.8\bin\VCRUNTIME140.dll
0x00007ffd7b300000 - 0x00007ffd7b593000 	C:\WINDOWS\WinSxS\amd64_microsoft.windows.common-controls_6595b64144ccf1df_6.0.26100.5074_none_3e0d6f78e32fd63f\COMCTL32.dll
0x00007ffd9a070000 - 0x00007ffd9a119000 	C:\WINDOWS\System32\msvcrt.dll
0x00007ffd998d0000 - 0x00007ffd998ff000 	C:\WINDOWS\System32\IMM32.DLL
0x00007ffd95720000 - 0x00007ffd9572c000 	C:\Users\tumf3\.jdks\temurin-21.0.8\bin\vcruntime140_1.dll
0x00007ffd6f680000 - 0x00007ffd6f70d000 	C:\Users\tumf3\.jdks\temurin-21.0.8\bin\msvcp140.dll
0x00007ffd21d90000 - 0x00007ffd22b27000 	C:\Users\tumf3\.jdks\temurin-21.0.8\bin\server\jvm.dll
0x00007ffd9b710000 - 0x00007ffd9b7c4000 	C:\WINDOWS\System32\ADVAPI32.dll
0x00007ffd9b200000 - 0x00007ffd9b2a6000 	C:\WINDOWS\System32\sechost.dll
0x00007ffd99720000 - 0x00007ffd99838000 	C:\WINDOWS\System32\RPCRT4.dll
0x00007ffd9b100000 - 0x00007ffd9b174000 	C:\WINDOWS\System32\WS2_32.dll
0x00007ffd8fc00000 - 0x00007ffd8fc35000 	C:\WINDOWS\SYSTEM32\WINMM.dll
0x00007ffd98930000 - 0x00007ffd9898e000 	C:\WINDOWS\SYSTEM32\POWRPROF.dll
0x00007ffd8f5b0000 - 0x00007ffd8f5bb000 	C:\WINDOWS\SYSTEM32\VERSION.dll
0x00007ffd98910000 - 0x00007ffd98924000 	C:\WINDOWS\SYSTEM32\UMPDC.dll
0x00007ffd978b0000 - 0x00007ffd978cb000 	C:\WINDOWS\SYSTEM32\kernel.appcore.dll
0x00007ffd93420000 - 0x00007ffd9342a000 	C:\Users\tumf3\.jdks\temurin-21.0.8\bin\jimage.dll
0x00007ffd96410000 - 0x00007ffd96652000 	C:\WINDOWS\SYSTEM32\DBGHELP.DLL
0x00007ffd9ab30000 - 0x00007ffd9aeab000 	C:\WINDOWS\System32\combase.dll
0x00007ffd9b820000 - 0x00007ffd9b8f7000 	C:\WINDOWS\System32\OLEAUT32.dll
0x00007ffd7b7d0000 - 0x00007ffd7b80d000 	C:\WINDOWS\SYSTEM32\dbgcore.DLL
0x00007ffd98ad0000 - 0x00007ffd98b69000 	C:\WINDOWS\System32\bcryptPrimitives.dll
0x00007ffd89f80000 - 0x00007ffd89f8f000 	C:\Users\tumf3\.jdks\temurin-21.0.8\bin\instrument.dll
0x00007ffd89b70000 - 0x00007ffd89b8f000 	C:\Users\tumf3\.jdks\temurin-21.0.8\bin\java.dll
0x00007ffd99920000 - 0x00007ffd9a06d000 	C:\WINDOWS\System32\SHELL32.dll
0x00007ffd992e0000 - 0x00007ffd9944c000 	C:\WINDOWS\System32\wintypes.dll
0x00007ffd96700000 - 0x00007ffd96f59000 	C:\WINDOWS\SYSTEM32\windows.storage.dll
0x00007ffd9b2b0000 - 0x00007ffd9b3a0000 	C:\WINDOWS\System32\SHCORE.dll
0x00007ffd9aeb0000 - 0x00007ffd9af12000 	C:\WINDOWS\System32\shlwapi.dll
0x00007ffd989f0000 - 0x00007ffd98a19000 	C:\WINDOWS\SYSTEM32\profapi.dll
0x00007ffd54340000 - 0x00007ffd54417000 	C:\Users\tumf3\.jdks\temurin-21.0.8\bin\jsvml.dll
0x00007ffd81630000 - 0x00007ffd81648000 	C:\Users\tumf3\.jdks\temurin-21.0.8\bin\zip.dll
0x00007ffd89b60000 - 0x00007ffd89b70000 	C:\Users\tumf3\.jdks\temurin-21.0.8\bin\net.dll
0x00007ffd90e40000 - 0x00007ffd90f5f000 	C:\WINDOWS\SYSTEM32\WINHTTP.dll
0x00007ffd97e30000 - 0x00007ffd97e9b000 	C:\WINDOWS\system32\mswsock.dll
0x00007ffd89170000 - 0x00007ffd89186000 	C:\Users\tumf3\.jdks\temurin-21.0.8\bin\nio.dll
0x00007ffd97380000 - 0x00007ffd974a6000 	C:\WINDOWS\SYSTEM32\DNSAPI.dll
0x00007ffd972e0000 - 0x00007ffd97314000 	C:\WINDOWS\SYSTEM32\IPHLPAPI.DLL
0x00007ffd99710000 - 0x00007ffd9971a000 	C:\WINDOWS\System32\NSI.dll
0x00007ffd88ec0000 - 0x00007ffd88ecb000 	C:\Windows\System32\rasadhlp.dll
0x00007ffd93050000 - 0x00007ffd930d6000 	C:\WINDOWS\System32\fwpuclnt.dll
0x00007ffd81f70000 - 0x00007ffd81f79000 	C:\Users\tumf3\.jdks\temurin-21.0.8\bin\extnet.dll
0x00007ffd89f20000 - 0x00007ffd89f2a000 	C:\Users\tumf3\.jdks\temurin-21.0.8\bin\management.dll
0x00007ffd89f10000 - 0x00007ffd89f1b000 	C:\Users\tumf3\.jdks\temurin-21.0.8\bin\management_ext.dll
0x00007ffd9b430000 - 0x00007ffd9b438000 	C:\WINDOWS\System32\PSAPI.DLL
0x00007ffd980d0000 - 0x00007ffd980eb000 	C:\WINDOWS\SYSTEM32\CRYPTSP.dll
0x00007ffd97810000 - 0x00007ffd9784b000 	C:\WINDOWS\system32\rsaenh.dll
0x00007ffd97ed0000 - 0x00007ffd97efb000 	C:\WINDOWS\SYSTEM32\USERENV.dll
0x00007ffd989c0000 - 0x00007ffd989e6000 	C:\WINDOWS\SYSTEM32\bcrypt.dll
0x00007ffd980f0000 - 0x00007ffd980fc000 	C:\WINDOWS\SYSTEM32\CRYPTBASE.dll

JVMTI agents:
C:\Program Files\JetBrains\IntelliJ IDEA 2025.2.1\lib\idea_rt.jar path:C:\Users\tumf3\.jdks\temurin-21.0.8\bin\instrument.dll, loaded, initialized, instrumentlib options:58409

dbghelp: loaded successfully - version: 4.0.5 - missing functions: none
symbol engine: initialized successfully - sym options: 0x614 - pdb path: .;C:\Users\tumf3\.jdks\temurin-21.0.8\bin;C:\WINDOWS\SYSTEM32;C:\WINDOWS\WinSxS\amd64_microsoft.windows.common-controls_6595b64144ccf1df_6.0.26100.5074_none_3e0d6f78e32fd63f;C:\Users\tumf3\.jdks\temurin-21.0.8\bin\server

VM Arguments:
jvm_args: -javaagent:C:\Program Files\JetBrains\IntelliJ IDEA 2025.2.1\lib\idea_rt.jar=58409 -Dfile.encoding=UTF-8 -Dsun.stdout.encoding=UTF-8 -Dsun.stderr.encoding=UTF-8 
java_command: at.technikum.Task5.JsonParseDemo
java_class_path (initial): C:\Users\tumf3\intelliJ_projects\swen1-25_1_actual\swen1-25\target\classes;C:\Users\tumf3\.m2\repository\com\fasterxml\jackson\core\jackson-databind\2.20.0\jackson-databind-2.20.0.jar;C:\Users\tumf3\.m2\repository\com\fasterxml\jackson\core\jackson-annotations\2.20\jackson-annotations-2.20.jar;C:\Users\tumf3\.m2\repository\com\fasterxml\jackson\core\jackson-core\2.20.0\jackson-core-2.20.0.jar
Launcher Type: SUN_STANDARD

[Global flags]
     intx CICompilerCount                          = 4                                         {product} {ergonomic}
     uint ConcGCThreads                            = 2                                         {product} {ergonomic}
     uint G1ConcRefinementThreads                  = 8                                         {product} {ergonomic}
   size_t G1HeapRegionSize                         = 1048576                                   {product} {ergonomic}
    uintx GCDrainStackTargetSize                   = 64                                        {product} {ergonomic}
   size_t InitialHeapSize                          = 132120576                                 {product} {ergonomic}
   size_t MarkStackSize                            = 4194304                                   {product} {ergonomic}
   size_t MaxHeapSize                              = 2103443456                                {product} {ergonomic}
   size_t MaxNewSize                               = 1261436928                                {product} {ergonomic}
   size_t MinHeapDeltaBytes                        = 1048576                                   {product} {ergonomic}
   size_t MinHeapSize                              = 8388608                                   {product} {ergonomic}
    uintx NonNMethodCodeHeapSize                   = 5839372                                {pd product} {ergonomic}
    uintx NonProfiledCodeHeapSize                  = 122909434                              {pd product} {ergonomic}
    uintx ProfiledCodeHeapSize                     = 122909434                              {pd product} {ergonomic}
    uintx ReservedCodeCacheSize                    = 251658240                              {pd product} {ergonomic}
     bool SegmentedCodeCache                       = true                                      {product} {ergonomic}
   size_t SoftMaxHeapSize                          = 2103443456                             {manageable} {ergonomic}
     bool UseCompressedOops                        = true                           {product lp64_product} {ergonomic}
     bool UseG1GC                                  = true                                      {product} {ergonomic}
     bool UseLargePagesIndividualAllocation        = false                                  {pd product} {ergonomic}

Logging:
Log output configuration:
 #0: stdout all=warning uptime,level,tags foldmultilines=false
 #1: stderr all=off uptime,level,tags foldmultilines=false

Environment Variables:
PATH=C:\Program Files\Common Files\Oracle\Java\javapath;C:\WINDOWS\system32;C:\WINDOWS;C:\WINDOWS\System32\Wbem;C:\WINDOWS\System32\WindowsPowerShell\v1.0\;C:\WINDOWS\System32\OpenSSH\;C:\Program Files\Git\cmd;C:\Users\tumf3\AppData\Local\Microsoft\WindowsApps;C:\Users\tumf3\AppData\Local\Programs\Microsoft VS Code\bin;C:\Users\tumf3\AppData\Local\GitHubDesktop\bin
USERNAME=tumf3
OS=Windows_NT
PROCESSOR_IDENTIFIER=Intel64 Family 6 Model 140 Stepping 1, GenuineIntel
TMP=C:\Users\tumf3\AppData\Local\Temp
TEMP=C:\Users\tumf3\AppData\Local\Temp




Periodic native trim disabled

---------------  S Y S T E M  ---------------

OS:
 Windows 11 , 64 bit Build 26100 (10.0.26100.5074)
OS uptime: 5 days 13:10 hours
Hyper-V role detected

CPU: total 8 (initial active 8) (4 cores per cpu, 2 threads per core) family 6 model 140 stepping 1 microcode 0xba, cx8, cmov, fxsr, ht, mmx, 3dnowpref, sse, sse2, sse3, ssse3, sse4.1, sse4.2, popcnt, lzcnt, tsc, tscinvbit, avx, avx2, aes, erms, clmul, bmi1, bmi2, adx, avx512f, avx512dq, avx512cd, avx512bw, avx512vl, sha, fma, vzeroupper, avx512_vpopcntdq, avx512_vpclmulqdq, avx512_vaes, avx512_vnni, clflush, clflushopt, clwb, avx512_vbmi2, avx512_vbmi, hv, rdtscp, rdpid, fsrm, gfni, avx512_bitalg, f16c, cet_ibt, cet_ss, avx512_ifma
Processor Information for the first 8 processors :
  Max Mhz: 2419, Current Mhz: 2419, Mhz Limit: 2419

Memory: 4k page, system-wide physical 8017M (374M free)
TotalPageFile size 23119M (AvailPageFile size 8M)
current process WorkingSet (physical memory assigned to process): 76M, peak: 76M
current process commit charge ("private bytes"): 224M, peak: 224M

vm_info: OpenJDK 64-Bit Server VM (21.0.8+9-LTS) for windows-amd64 JRE (21.0.8+9-LTS), built on 2025-07-15T00:00:00Z by "admin" with MS VC++ 17.7 (VS2022)

END.
